<?xml version="1.0" encoding="UTF-8" ?>
<testsuite tests="3" failures="0" name="com.argosenpaikun.risa.stdout.StdOutTest" time="0.006" errors="0" skipped="0">
  <properties>
[...]
</properties>
  <testcase classname="com.argosenpaikun.risa.stdout.StdOutTest" name="hello_world_alternate" time="0.002"/>
  <testcase classname="com.argosenpaikun.risa.stdout.StdOutTest" name="hello_world_toupper" time="0.001"/>
  <testcase classname="com.argosenpaikun.risa.stdout.StdOutTest" name="hello_world_csv" time="0.003"/>
</testsuite>